0 info it worked if it ends with ok
1 verbose cli [ 'C:\\Program Files\\nodejs\\node.exe',
1 verbose cli   'C:\\Users\\Administrator\\AppData\\Roaming\\npm\\node_modules\\npm\\bin\\npm-cli.js',
1 verbose cli   'start' ]
2 info using npm@3.10.9
3 info using node@v6.2.0
4 verbose run-script [ 'prestart', 'start', 'poststart' ]
5 info lifecycle xiaohaibao@0.0.0~prestart: xiaohaibao@0.0.0
6 silly lifecycle xiaohaibao@0.0.0~prestart: no script for prestart, continuing
7 info lifecycle xiaohaibao@0.0.0~start: xiaohaibao@0.0.0
8 verbose lifecycle xiaohaibao@0.0.0~start: unsafe-perm in lifecycle true
9 verbose lifecycle xiaohaibao@0.0.0~start: PATH: C:\Users\Administrator\AppData\Roaming\npm\node_modules\npm\bin\node-gyp-bin;F:\zhangyuhao\xiaohaibao\node_modules\.bin;C:\Users\Administrator\bin;D:\Program Files\Git\mingw64\bin;D:\Program Files\Git\usr\local\bin;D:\Program Files\Git\usr\bin;D:\Program Files\Git\usr\bin;D:\Program Files\Git\mingw64\bin;D:\Program Files\Git\usr\bin;C:\Users\Administrator\bin;C:\Program Files (x86)\Common Files\NetSarang;C:\Windows\system32;C:\Windows;C:\Windows\System32\Wbem;C:\Windows\System32\WindowsPowerShell\v1.0;D:\apache-maven-3.2.3\bin;D:\Program Files\TortoiseSVN\bin;C:\Program Files\nodejs;D:\Program Files\Java\jdk1.7.0_71\bin;D:\Program Files\Java\jdk1.7.0_71\jre\bin;D:\安装文件\apache-maven-3.3.9\bin\bin;D:\Program Files\Git\cmd;C:\Users\Administrator\AppData\Roaming\npm;D:\Apache-Subversion-1.9.5\bin;D:\Program Files\Git\usr\bin\vendor_perl;D:\Program Files\Git\usr\bin\core_perl
10 verbose lifecycle xiaohaibao@0.0.0~start: CWD: F:\zhangyuhao\xiaohaibao
11 silly lifecycle xiaohaibao@0.0.0~start: Args: [ '/d /s /c', 'node ./bin/www' ]
12 silly lifecycle xiaohaibao@0.0.0~start: Returned: code: 1  signal: null
13 info lifecycle xiaohaibao@0.0.0~start: Failed to exec start script
14 verbose stack Error: xiaohaibao@0.0.0 start: `node ./bin/www`
14 verbose stack Exit status 1
14 verbose stack     at EventEmitter.<anonymous> (C:\Users\Administrator\AppData\Roaming\npm\node_modules\npm\lib\utils\lifecycle.js:255:16)
14 verbose stack     at emitTwo (events.js:106:13)
14 verbose stack     at EventEmitter.emit (events.js:191:7)
14 verbose stack     at ChildProcess.<anonymous> (C:\Users\Administrator\AppData\Roaming\npm\node_modules\npm\lib\utils\spawn.js:40:14)
14 verbose stack     at emitTwo (events.js:106:13)
14 verbose stack     at ChildProcess.emit (events.js:191:7)
14 verbose stack     at maybeClose (internal/child_process.js:850:16)
14 verbose stack     at Process.ChildProcess._handle.onexit (internal/child_process.js:215:5)
15 verbose pkgid xiaohaibao@0.0.0
16 verbose cwd F:\zhangyuhao\xiaohaibao
17 error Windows_NT 6.1.7601
18 error argv "C:\\Program Files\\nodejs\\node.exe" "C:\\Users\\Administrator\\AppData\\Roaming\\npm\\node_modules\\npm\\bin\\npm-cli.js" "start"
19 error node v6.2.0
20 error npm  v3.10.9
21 error code ELIFECYCLE
22 error xiaohaibao@0.0.0 start: `node ./bin/www`
22 error Exit status 1
23 error Failed at the xiaohaibao@0.0.0 start script 'node ./bin/www'.
23 error Make sure you have the latest version of node.js and npm installed.
23 error If you do, this is most likely a problem with the xiaohaibao package,
23 error not with npm itself.
23 error Tell the author that this fails on your system:
23 error     node ./bin/www
23 error You can get information on how to open an issue for this project with:
23 error     npm bugs xiaohaibao
23 error Or if that isn't available, you can get their info via:
23 error     npm owner ls xiaohaibao
23 error There is likely additional logging output above.
24 verbose exit [ 1, true ]
